<!DOCTYPE html PUBLIC "-//W3C//DTD XHTML 1.1//EN" "https://www.w3.org/TR/xhtml11/DTD/xhtml11.dtd">
<html xmlns="https://www.w3.org/1999/xhtml">
<head>
<meta http-equiv="content-type" content="text/html; charset=UTF-8"/>
<title>TestNG Report</title>
<style type="text/css">table {margin-bottom:10px;border-collapse:collapse;empty-cells:show}th,td {border:1px solid #009;padding:.25em .5em}th {vertical-align:bottom}td {vertical-align:top}table a {font-weight:bold}.stripe td {background-color: #E6EBF9}.num {text-align:right}.passedodd td {background-color: #3F3}.passedeven td {background-color: #0A0}.skippedodd td {background-color: #DDD}.skippedeven td {background-color: #CCC}.failedodd td,.attn {background-color: #F33}.failedeven td,.stripe .attn {background-color: #D00}.stacktrace {white-space:pre;font-family:monospace}.totop {font-size:85%;text-align:center;border-bottom:2px solid #000}.invisible {display:none}</style>
</head>
<body>
<table>
<tr><th>Test</th><th># Passed</th><th># Skipped</th><th># Retried</th><th># Failed</th><th>Time (ms)</th><th>Included Groups</th><th>Excluded Groups</th></tr>
<tr><th colspan="8">Suite</th></tr>
<tr><td><a href="#t0">Default XmlTest name 422d47b8-1820-4f39-901a-2265f4b8dd18</a></td><td class="num">11</td><td class="num">0</td><td class="num">0</td><td class="num attn">2</td><td class="num">904,563</td><td></td><td></td></tr>
</table>
<table id='summary'><thead><tr><th>Class</th><th>Method</th><th>Start</th><th>Time (ms)</th></tr></thead><tbody><tr><th colspan="4">Suite</th></tr></tbody><tbody id="t0"><tr><th colspan="4">Default XmlTest name 422d47b8-1820-4f39-901a-2265f4b8dd18 &#8212; failed</th></tr><tr class="failedeven"><td rowspan="2">org.testing.TestScripts.loginwithdifferentScenarios</td><td><a href="#m0">loginwithdifferent</a></td><td rowspan="2">1709202982408</td><td rowspan="2">21821</td></tr><tr class="failedeven"><td><a href="#m1">loginwithdifferent</a></td></tr><tr><th colspan="4">Default XmlTest name 422d47b8-1820-4f39-901a-2265f4b8dd18 &#8212; passed</th></tr><tr class="passedeven"><td rowspan="1">org.testing.TestScripts.Assertions</td><td><a href="#m2">test</a></td><td rowspan="1">1709203804064</td><td rowspan="1">48</td></tr><tr class="passedodd"><td rowspan="1">org.testing.TestScripts.History</td><td><a href="#m3">ClickonHistory</a></td><td rowspan="1">1709203179251</td><td rowspan="1">56641</td></tr><tr class="passedeven"><td rowspan="1">org.testing.TestScripts.Homebutton</td><td><a href="#m4">clickonHomebutton</a></td><td rowspan="1">1709203730117</td><td rowspan="1">53765</td></tr><tr class="passedodd"><td rowspan="1">org.testing.TestScripts.Likedvideo</td><td><a href="#m5">likedvideo</a></td><td rowspan="1">1709203659648</td><td rowspan="1">52193</td></tr><tr class="passedeven"><td rowspan="1">org.testing.TestScripts.Sorts</td><td><a href="#m6">ClickonSortsbutton</a></td><td rowspan="1">1709203577518</td><td rowspan="1">56282</td></tr><tr class="passedodd"><td rowspan="1">org.testing.TestScripts.Subscriptions</td><td><a href="#m7">ClickonSubcription</a></td><td rowspan="1">1709203255955</td><td rowspan="1">56369</td></tr><tr class="passedeven"><td rowspan="1">org.testing.TestScripts.Trending</td><td><a href="#m8">Clickontrending</a></td><td rowspan="1">1709203098220</td><td rowspan="1">59143</td></tr><tr class="passedodd"><td rowspan="1">org.testing.TestScripts.Youbutton</td><td><a href="#m9">You</a></td><td rowspan="1">1709203505722</td><td rowspan="1">52072</td></tr><tr class="passedeven"><td rowspan="1">org.testing.TestScripts.loginwithdifferentScenarios</td><td><a href="#m10">loginwithdifferent</a></td><td rowspan="1">1709202923132</td><td rowspan="1">38669</td></tr><tr class="passedodd"><td rowspan="1">org.testing.TestScripts.videoplaySubscribedChan</td><td><a href="#m11">videoplayChan</a></td><td rowspan="1">1709203415529</td><td rowspan="1">65681</td></tr><tr class="passedeven"><td rowspan="1">org.testing.TestScripts.videoplaylike</td><td><a href="#m12">videoplayandliked</a></td><td rowspan="1">1709203333675</td><td rowspan="1">65038</td></tr></tbody>
</table>
<h2>Default XmlTest name 422d47b8-1820-4f39-901a-2265f4b8dd18</h2><h3 id="m0">org.testing.TestScripts.loginwithdifferentScenarios#loginwithdifferent</h3><table class="result"><tr class="param"><th>Parameter #1</th><th>Parameter #2</th></tr><tr class="param stripe"><td>deepusingh20@gmail.com</td><td>Govind@123</td></tr><tr><th colspan="2">Exception</th></tr><tr><td colspan="2"><div class="stacktrace">org.openqa.selenium.NoSuchElementException: no such element: Unable to locate element: {&quot;method&quot;:&quot;xpath&quot;,&quot;selector&quot;:&quot;//*[@id=&quot;password&quot;]/div[1]/div/div[1]/input&quot;}
  (Session info: chrome=121.0.6167.189)
For documentation on this error, please visit: https://www.selenium.dev/documentation/webdriver/troubleshooting/errors#no-such-element-exception
Build info: version: &apos;4.15.0&apos;, revision: &apos;1d14b5521b&apos;
System info: os.name: &apos;Windows 10&apos;, os.arch: &apos;amd64&apos;, os.version: &apos;10.0&apos;, java.version: &apos;20.0.2&apos;
Driver info: org.openqa.selenium.chrome.ChromeDriver
Command: [5979c7ba05bab7cf38c5405dc948fd02, findElement {using=xpath, value=//*[@id=&quot;password&quot;]/div[1]/div/div[1]/input}]
Capabilities {acceptInsecureCerts: false, browserName: chrome, browserVersion: 121.0.6167.189, chrome: {chromedriverVersion: 121.0.6167.184 (057a8ae7deb..., userDataDir: C:\Users\gsc91\AppData\Loca...}, fedcm:accounts: true, goog:chromeOptions: {debuggerAddress: localhost:55224}, networkConnectionEnabled: false, pageLoadStrategy: normal, platformName: windows, proxy: Proxy(), se:cdp: ws://localhost:55224/devtoo..., se:cdpVersion: 121.0.6167.189, setWindowRect: true, strictFileInteractability: false, timeouts: {implicit: 0, pageLoad: 300000, script: 30000}, unhandledPromptBehavior: dismiss and notify, webauthn:extension:credBlob: true, webauthn:extension:largeBlob: true, webauthn:extension:minPinLength: true, webauthn:extension:prf: true, webauthn:virtualAuthenticators: true}
Session ID: 5979c7ba05bab7cf38c5405dc948fd02
	at org.openqa.selenium.remote.codec.w3c.W3CHttpResponseCodec.createException(W3CHttpResponseCodec.java:200)
	at org.openqa.selenium.remote.codec.w3c.W3CHttpResponseCodec.decode(W3CHttpResponseCodec.java:133)
	at org.openqa.selenium.remote.codec.w3c.W3CHttpResponseCodec.decode(W3CHttpResponseCodec.java:52)
	at org.openqa.selenium.remote.HttpCommandExecutor.execute(HttpCommandExecutor.java:191)
	at org.openqa.selenium.remote.service.DriverCommandExecutor.invokeExecute(DriverCommandExecutor.java:200)
	at org.openqa.selenium.remote.service.DriverCommandExecutor.execute(DriverCommandExecutor.java:175)
	at org.openqa.selenium.remote.RemoteWebDriver.execute(RemoteWebDriver.java:607)
	at org.openqa.selenium.remote.ElementLocation$ElementFinder$2.findElement(ElementLocation.java:165)
	at org.openqa.selenium.remote.ElementLocation.findElement(ElementLocation.java:59)
	at org.openqa.selenium.remote.RemoteWebDriver.findElement(RemoteWebDriver.java:364)
	at org.openqa.selenium.remote.RemoteWebDriver.findElement(RemoteWebDriver.java:358)
	at org.testing.Pages.Login.Signin(Login.java:30)
	at org.testing.TestScripts.loginwithdifferentScenarios.loginwithdifferent(loginwithdifferentScenarios.java:27)
	at java.base/java.util.ArrayList.forEach(ArrayList.java:1511)
	at org.testing.trigger.Runner.main(Runner.java:60)
... Removed 25 stack frames</div></td></tr></table><p class="totop"><a href="#summary">back to summary</a></p>
<h3 id="m1">org.testing.TestScripts.loginwithdifferentScenarios#loginwithdifferent</h3><table class="result"><tr class="param"><th>Parameter #1</th><th>Parameter #2</th></tr><tr class="param stripe"><td>deepusingh201301@gmail.com</td><td>Govind123</td></tr><tr><th colspan="2">Exception</th></tr><tr><td colspan="2"><div class="stacktrace">org.openqa.selenium.NoSuchElementException: no such element: Unable to locate element: {&quot;method&quot;:&quot;xpath&quot;,&quot;selector&quot;:&quot;//*[@id=&quot;password&quot;]/div[1]/div/div[1]/input&quot;}
  (Session info: chrome=121.0.6167.189)
For documentation on this error, please visit: https://www.selenium.dev/documentation/webdriver/troubleshooting/errors#no-such-element-exception
Build info: version: &apos;4.15.0&apos;, revision: &apos;1d14b5521b&apos;
System info: os.name: &apos;Windows 10&apos;, os.arch: &apos;amd64&apos;, os.version: &apos;10.0&apos;, java.version: &apos;20.0.2&apos;
Driver info: org.openqa.selenium.chrome.ChromeDriver
Command: [ce680cc52e69e488c1540d867b15b4f9, findElement {using=xpath, value=//*[@id=&quot;password&quot;]/div[1]/div/div[1]/input}]
Capabilities {acceptInsecureCerts: false, browserName: chrome, browserVersion: 121.0.6167.189, chrome: {chromedriverVersion: 121.0.6167.184 (057a8ae7deb..., userDataDir: C:\Users\gsc91\AppData\Loca...}, fedcm:accounts: true, goog:chromeOptions: {debuggerAddress: localhost:55279}, networkConnectionEnabled: false, pageLoadStrategy: normal, platformName: windows, proxy: Proxy(), se:cdp: ws://localhost:55279/devtoo..., se:cdpVersion: 121.0.6167.189, setWindowRect: true, strictFileInteractability: false, timeouts: {implicit: 0, pageLoad: 300000, script: 30000}, unhandledPromptBehavior: dismiss and notify, webauthn:extension:credBlob: true, webauthn:extension:largeBlob: true, webauthn:extension:minPinLength: true, webauthn:extension:prf: true, webauthn:virtualAuthenticators: true}
Session ID: ce680cc52e69e488c1540d867b15b4f9
	at org.openqa.selenium.remote.codec.w3c.W3CHttpResponseCodec.createException(W3CHttpResponseCodec.java:200)
	at org.openqa.selenium.remote.codec.w3c.W3CHttpResponseCodec.decode(W3CHttpResponseCodec.java:133)
	at org.openqa.selenium.remote.codec.w3c.W3CHttpResponseCodec.decode(W3CHttpResponseCodec.java:52)
	at org.openqa.selenium.remote.HttpCommandExecutor.execute(HttpCommandExecutor.java:191)
	at org.openqa.selenium.remote.service.DriverCommandExecutor.invokeExecute(DriverCommandExecutor.java:200)
	at org.openqa.selenium.remote.service.DriverCommandExecutor.execute(DriverCommandExecutor.java:175)
	at org.openqa.selenium.remote.RemoteWebDriver.execute(RemoteWebDriver.java:607)
	at org.openqa.selenium.remote.ElementLocation$ElementFinder$2.findElement(ElementLocation.java:165)
	at org.openqa.selenium.remote.ElementLocation.findElement(ElementLocation.java:59)
	at org.openqa.selenium.remote.RemoteWebDriver.findElement(RemoteWebDriver.java:364)
	at org.openqa.selenium.remote.RemoteWebDriver.findElement(RemoteWebDriver.java:358)
	at org.testing.Pages.Login.Signin(Login.java:30)
	at org.testing.TestScripts.loginwithdifferentScenarios.loginwithdifferent(loginwithdifferentScenarios.java:27)
	at java.base/java.util.ArrayList.forEach(ArrayList.java:1511)
	at org.testing.trigger.Runner.main(Runner.java:60)
... Removed 25 stack frames</div></td></tr></table><p class="totop"><a href="#summary">back to summary</a></p>
<h3 id="m2">org.testing.TestScripts.Assertions#test</h3><table class="result"><tr><th class="invisible"/></tr></table><p class="totop"><a href="#summary">back to summary</a></p>
<h3 id="m3">org.testing.TestScripts.History#ClickonHistory</h3><table class="result"><tr><th class="invisible"/></tr></table><p class="totop"><a href="#summary">back to summary</a></p>
<h3 id="m4">org.testing.TestScripts.Homebutton#clickonHomebutton</h3><table class="result"><tr><th class="invisible"/></tr></table><p class="totop"><a href="#summary">back to summary</a></p>
<h3 id="m5">org.testing.TestScripts.Likedvideo#likedvideo</h3><table class="result"><tr><th class="invisible"/></tr></table><p class="totop"><a href="#summary">back to summary</a></p>
<h3 id="m6">org.testing.TestScripts.Sorts#ClickonSortsbutton</h3><table class="result"><tr><th class="invisible"/></tr></table><p class="totop"><a href="#summary">back to summary</a></p>
<h3 id="m7">org.testing.TestScripts.Subscriptions#ClickonSubcription</h3><table class="result"><tr><th class="invisible"/></tr></table><p class="totop"><a href="#summary">back to summary</a></p>
<h3 id="m8">org.testing.TestScripts.Trending#Clickontrending</h3><table class="result"><tr><th class="invisible"/></tr></table><p class="totop"><a href="#summary">back to summary</a></p>
<h3 id="m9">org.testing.TestScripts.Youbutton#You</h3><table class="result"><tr><th class="invisible"/></tr></table><p class="totop"><a href="#summary">back to summary</a></p>
<h3 id="m10">org.testing.TestScripts.loginwithdifferentScenarios#loginwithdifferent</h3><table class="result"><tr class="param"><th>Parameter #1</th><th>Parameter #2</th></tr><tr class="param stripe"><td>deepusingh201301@gmail.com</td><td>Govind@123</td></tr></table><p class="totop"><a href="#summary">back to summary</a></p>
<h3 id="m11">org.testing.TestScripts.videoplaySubscribedChan#videoplayChan</h3><table class="result"><tr><th class="invisible"/></tr></table><p class="totop"><a href="#summary">back to summary</a></p>
<h3 id="m12">org.testing.TestScripts.videoplaylike#videoplayandliked</h3><table class="result"><tr><th class="invisible"/></tr></table><p class="totop"><a href="#summary">back to summary</a></p>
</body>
</html>
