<?xml version="1.0" encoding="UTF-8"?>
<testng-results ignored="0" total="13" passed="11" failed="2" skipped="0">
  <reporter-output>
  </reporter-output>
  <suite started-at="2024-02-29T16:05:00 IST" name="Suite" finished-at="2024-02-29T16:20:04 IST" duration-ms="904563">
    <groups>
    </groups>
    <test started-at="2024-02-29T16:05:00 IST" name="Default XmlTest name 422d47b8-1820-4f39-901a-2265f4b8dd18" finished-at="2024-02-29T16:20:04 IST" duration-ms="904563">
      <class name="org.testing.TestScripts.Likedvideo">
        <test-method is-config="true" signature="Bmethod()[pri:0, instance:org.testing.TestScripts.Likedvideo@5e82df6a]" started-at="2024-02-29T16:17:14 IST" name="Bmethod" finished-at="2024-02-29T16:17:39 IST" duration-ms="25459" status="PASS">
          <reporter-output>
          </reporter-output>
        </test-method> <!-- Bmethod -->
        <test-method signature="likedvideo()[pri:0, instance:org.testing.TestScripts.Likedvideo@5e82df6a]" started-at="2024-02-29T16:17:39 IST" name="likedvideo" finished-at="2024-02-29T16:18:31 IST" duration-ms="52193" status="PASS">
          <reporter-output>
          </reporter-output>
        </test-method> <!-- likedvideo -->
        <test-method is-config="true" signature="CloseBrowser()[pri:0, instance:org.testing.TestScripts.Likedvideo@5e82df6a]" started-at="2024-02-29T16:18:31 IST" name="CloseBrowser" finished-at="2024-02-29T16:18:32 IST" duration-ms="652" status="PASS">
          <reporter-output>
          </reporter-output>
        </test-method> <!-- CloseBrowser -->
      </class> <!-- org.testing.TestScripts.Likedvideo -->
      <class name="org.testing.TestScripts.loginwithdifferentScenarios">
        <test-method is-config="true" signature="Bmethod()[pri:0, instance:org.testing.TestScripts.loginwithdifferentScenarios@36c88a32]" started-at="2024-02-29T16:05:00 IST" name="Bmethod" finished-at="2024-02-29T16:05:23 IST" duration-ms="22832" status="PASS">
          <reporter-output>
          </reporter-output>
        </test-method> <!-- Bmethod -->
        <test-method signature="loginwithdifferent(java.lang.String,java.lang.String)[pri:0, instance:org.testing.TestScripts.loginwithdifferentScenarios@36c88a32]" started-at="2024-02-29T16:05:23 IST" name="loginwithdifferent" data-provider="data" finished-at="2024-02-29T16:06:01 IST" duration-ms="38669" status="PASS">
          <params>
            <param index="0">
              <value>
                <![CDATA[deepusingh201301@gmail.com]]>
              </value>
            </param>
            <param index="1">
              <value>
                <![CDATA[Govind@123]]>
              </value>
            </param>
          </params>
          <reporter-output>
          </reporter-output>
        </test-method> <!-- loginwithdifferent -->
        <test-method is-config="true" signature="CloseBrowser()[pri:0, instance:org.testing.TestScripts.loginwithdifferentScenarios@36c88a32]" started-at="2024-02-29T16:06:01 IST" name="CloseBrowser" finished-at="2024-02-29T16:06:02 IST" duration-ms="602" status="PASS">
          <reporter-output>
          </reporter-output>
        </test-method> <!-- CloseBrowser -->
        <test-method is-config="true" signature="Bmethod()[pri:0, instance:org.testing.TestScripts.loginwithdifferentScenarios@36c88a32]" started-at="2024-02-29T16:06:02 IST" name="Bmethod" finished-at="2024-02-29T16:06:22 IST" duration-ms="19994" status="PASS">
          <reporter-output>
          </reporter-output>
        </test-method> <!-- Bmethod -->
        <test-method signature="loginwithdifferent(java.lang.String,java.lang.String)[pri:0, instance:org.testing.TestScripts.loginwithdifferentScenarios@36c88a32]" started-at="2024-02-29T16:06:22 IST" name="loginwithdifferent" data-provider="data" finished-at="2024-02-29T16:06:44 IST" duration-ms="21821" status="FAIL">
          <params>
            <param index="0">
              <value>
                <![CDATA[deepusingh20@gmail.com]]>
              </value>
            </param>
            <param index="1">
              <value>
                <![CDATA[Govind@123]]>
              </value>
            </param>
          </params>
          <exception class="org.openqa.selenium.NoSuchElementException">
            <message>
              <![CDATA[no such element: Unable to locate element: {"method":"xpath","selector":"//*[@id="password"]/div[1]/div/div[1]/input"}
  (Session info: chrome=121.0.6167.189)
For documentation on this error, please visit: https://www.selenium.dev/documentation/webdriver/troubleshooting/errors#no-such-element-exception
Build info: version: '4.15.0', revision: '1d14b5521b'
System info: os.name: 'Windows 10', os.arch: 'amd64', os.version: '10.0', java.version: '20.0.2'
Driver info: org.openqa.selenium.chrome.ChromeDriver
Command: [5979c7ba05bab7cf38c5405dc948fd02, findElement {using=xpath, value=//*[@id="password"]/div[1]/div/div[1]/input}]
Capabilities {acceptInsecureCerts: false, browserName: chrome, browserVersion: 121.0.6167.189, chrome: {chromedriverVersion: 121.0.6167.184 (057a8ae7deb..., userDataDir: C:\Users\gsc91\AppData\Loca...}, fedcm:accounts: true, goog:chromeOptions: {debuggerAddress: localhost:55224}, networkConnectionEnabled: false, pageLoadStrategy: normal, platformName: windows, proxy: Proxy(), se:cdp: ws://localhost:55224/devtoo..., se:cdpVersion: 121.0.6167.189, setWindowRect: true, strictFileInteractability: false, timeouts: {implicit: 0, pageLoad: 300000, script: 30000}, unhandledPromptBehavior: dismiss and notify, webauthn:extension:credBlob: true, webauthn:extension:largeBlob: true, webauthn:extension:minPinLength: true, webauthn:extension:prf: true, webauthn:virtualAuthenticators: true}
Session ID: 5979c7ba05bab7cf38c5405dc948fd02]]>
            </message>
            <full-stacktrace>
              <![CDATA[org.openqa.selenium.NoSuchElementException: no such element: Unable to locate element: {"method":"xpath","selector":"//*[@id="password"]/div[1]/div/div[1]/input"}
  (Session info: chrome=121.0.6167.189)
For documentation on this error, please visit: https://www.selenium.dev/documentation/webdriver/troubleshooting/errors#no-such-element-exception
Build info: version: '4.15.0', revision: '1d14b5521b'
System info: os.name: 'Windows 10', os.arch: 'amd64', os.version: '10.0', java.version: '20.0.2'
Driver info: org.openqa.selenium.chrome.ChromeDriver
Command: [5979c7ba05bab7cf38c5405dc948fd02, findElement {using=xpath, value=//*[@id="password"]/div[1]/div/div[1]/input}]
Capabilities {acceptInsecureCerts: false, browserName: chrome, browserVersion: 121.0.6167.189, chrome: {chromedriverVersion: 121.0.6167.184 (057a8ae7deb..., userDataDir: C:\Users\gsc91\AppData\Loca...}, fedcm:accounts: true, goog:chromeOptions: {debuggerAddress: localhost:55224}, networkConnectionEnabled: false, pageLoadStrategy: normal, platformName: windows, proxy: Proxy(), se:cdp: ws://localhost:55224/devtoo..., se:cdpVersion: 121.0.6167.189, setWindowRect: true, strictFileInteractability: false, timeouts: {implicit: 0, pageLoad: 300000, script: 30000}, unhandledPromptBehavior: dismiss and notify, webauthn:extension:credBlob: true, webauthn:extension:largeBlob: true, webauthn:extension:minPinLength: true, webauthn:extension:prf: true, webauthn:virtualAuthenticators: true}
Session ID: 5979c7ba05bab7cf38c5405dc948fd02
at java.base/jdk.internal.reflect.DirectConstructorHandleAccessor.newInstance(DirectConstructorHandleAccessor.java:67)
at java.base/java.lang.reflect.Constructor.newInstanceWithCaller(Constructor.java:500)
at java.base/java.lang.reflect.Constructor.newInstance(Constructor.java:484)
at org.openqa.selenium.remote.codec.w3c.W3CHttpResponseCodec.createException(W3CHttpResponseCodec.java:200)
at org.openqa.selenium.remote.codec.w3c.W3CHttpResponseCodec.decode(W3CHttpResponseCodec.java:133)
at org.openqa.selenium.remote.codec.w3c.W3CHttpResponseCodec.decode(W3CHttpResponseCodec.java:52)
at org.openqa.selenium.remote.HttpCommandExecutor.execute(HttpCommandExecutor.java:191)
at org.openqa.selenium.remote.service.DriverCommandExecutor.invokeExecute(DriverCommandExecutor.java:200)
at org.openqa.selenium.remote.service.DriverCommandExecutor.execute(DriverCommandExecutor.java:175)
at org.openqa.selenium.remote.RemoteWebDriver.execute(RemoteWebDriver.java:607)
at org.openqa.selenium.remote.ElementLocation$ElementFinder$2.findElement(ElementLocation.java:165)
at org.openqa.selenium.remote.ElementLocation.findElement(ElementLocation.java:59)
at org.openqa.selenium.remote.RemoteWebDriver.findElement(RemoteWebDriver.java:364)
at org.openqa.selenium.remote.RemoteWebDriver.findElement(RemoteWebDriver.java:358)
at org.testing.Pages.Login.Signin(Login.java:30)
at org.testing.TestScripts.loginwithdifferentScenarios.loginwithdifferent(loginwithdifferentScenarios.java:27)
at java.base/jdk.internal.reflect.DirectMethodHandleAccessor.invoke(DirectMethodHandleAccessor.java:104)
at java.base/java.lang.reflect.Method.invoke(Method.java:578)
at org.testng.internal.invokers.MethodInvocationHelper.invokeMethod(MethodInvocationHelper.java:139)
at org.testng.internal.invokers.TestInvoker.invokeMethod(TestInvoker.java:664)
at org.testng.internal.invokers.TestInvoker.invokeTestMethod(TestInvoker.java:227)
at org.testng.internal.invokers.MethodRunner.runInSequence(MethodRunner.java:50)
at org.testng.internal.invokers.TestInvoker$MethodInvocationAgent.invoke(TestInvoker.java:957)
at org.testng.internal.invokers.TestInvoker.invokeTestMethods(TestInvoker.java:200)
at org.testng.internal.invokers.TestMethodWorker.invokeTestMethods(TestMethodWorker.java:148)
at org.testng.internal.invokers.TestMethodWorker.run(TestMethodWorker.java:128)
at java.base/java.util.ArrayList.forEach(ArrayList.java:1511)
at org.testng.TestRunner.privateRun(TestRunner.java:848)
at org.testng.TestRunner.run(TestRunner.java:621)
at org.testng.SuiteRunner.runTest(SuiteRunner.java:443)
at org.testng.SuiteRunner.runSequentially(SuiteRunner.java:437)
at org.testng.SuiteRunner.privateRun(SuiteRunner.java:397)
at org.testng.SuiteRunner.run(SuiteRunner.java:336)
at org.testng.SuiteRunnerWorker.runSuite(SuiteRunnerWorker.java:52)
at org.testng.SuiteRunnerWorker.run(SuiteRunnerWorker.java:95)
at org.testng.TestNG.runSuitesSequentially(TestNG.java:1280)
at org.testng.TestNG.runSuitesLocally(TestNG.java:1200)
at org.testng.TestNG.runSuites(TestNG.java:1114)
at org.testng.TestNG.run(TestNG.java:1082)
at org.testing.trigger.Runner.main(Runner.java:60)
]]>
            </full-stacktrace>
          </exception> <!-- org.openqa.selenium.NoSuchElementException -->
          <reporter-output>
          </reporter-output>
        </test-method> <!-- loginwithdifferent -->
        <test-method is-config="true" signature="CloseBrowser()[pri:0, instance:org.testing.TestScripts.loginwithdifferentScenarios@36c88a32]" started-at="2024-02-29T16:06:44 IST" name="CloseBrowser" finished-at="2024-02-29T16:06:44 IST" duration-ms="613" status="PASS">
          <reporter-output>
          </reporter-output>
        </test-method> <!-- CloseBrowser -->
        <test-method is-config="true" signature="Bmethod()[pri:0, instance:org.testing.TestScripts.loginwithdifferentScenarios@36c88a32]" started-at="2024-02-29T16:06:44 IST" name="Bmethod" finished-at="2024-02-29T16:07:23 IST" duration-ms="38336" status="PASS">
          <reporter-output>
          </reporter-output>
        </test-method> <!-- Bmethod -->
        <test-method signature="loginwithdifferent(java.lang.String,java.lang.String)[pri:0, instance:org.testing.TestScripts.loginwithdifferentScenarios@36c88a32]" started-at="2024-02-29T16:07:23 IST" name="loginwithdifferent" data-provider="data" finished-at="2024-02-29T16:07:52 IST" duration-ms="29763" status="FAIL">
          <params>
            <param index="0">
              <value>
                <![CDATA[deepusingh201301@gmail.com]]>
              </value>
            </param>
            <param index="1">
              <value>
                <![CDATA[Govind123]]>
              </value>
            </param>
          </params>
          <exception class="org.openqa.selenium.NoSuchElementException">
            <message>
              <![CDATA[no such element: Unable to locate element: {"method":"xpath","selector":"//*[@id="password"]/div[1]/div/div[1]/input"}
  (Session info: chrome=121.0.6167.189)
For documentation on this error, please visit: https://www.selenium.dev/documentation/webdriver/troubleshooting/errors#no-such-element-exception
Build info: version: '4.15.0', revision: '1d14b5521b'
System info: os.name: 'Windows 10', os.arch: 'amd64', os.version: '10.0', java.version: '20.0.2'
Driver info: org.openqa.selenium.chrome.ChromeDriver
Command: [ce680cc52e69e488c1540d867b15b4f9, findElement {using=xpath, value=//*[@id="password"]/div[1]/div/div[1]/input}]
Capabilities {acceptInsecureCerts: false, browserName: chrome, browserVersion: 121.0.6167.189, chrome: {chromedriverVersion: 121.0.6167.184 (057a8ae7deb..., userDataDir: C:\Users\gsc91\AppData\Loca...}, fedcm:accounts: true, goog:chromeOptions: {debuggerAddress: localhost:55279}, networkConnectionEnabled: false, pageLoadStrategy: normal, platformName: windows, proxy: Proxy(), se:cdp: ws://localhost:55279/devtoo..., se:cdpVersion: 121.0.6167.189, setWindowRect: true, strictFileInteractability: false, timeouts: {implicit: 0, pageLoad: 300000, script: 30000}, unhandledPromptBehavior: dismiss and notify, webauthn:extension:credBlob: true, webauthn:extension:largeBlob: true, webauthn:extension:minPinLength: true, webauthn:extension:prf: true, webauthn:virtualAuthenticators: true}
Session ID: ce680cc52e69e488c1540d867b15b4f9]]>
            </message>
            <full-stacktrace>
              <![CDATA[org.openqa.selenium.NoSuchElementException: no such element: Unable to locate element: {"method":"xpath","selector":"//*[@id="password"]/div[1]/div/div[1]/input"}
  (Session info: chrome=121.0.6167.189)
For documentation on this error, please visit: https://www.selenium.dev/documentation/webdriver/troubleshooting/errors#no-such-element-exception
Build info: version: '4.15.0', revision: '1d14b5521b'
System info: os.name: 'Windows 10', os.arch: 'amd64', os.version: '10.0', java.version: '20.0.2'
Driver info: org.openqa.selenium.chrome.ChromeDriver
Command: [ce680cc52e69e488c1540d867b15b4f9, findElement {using=xpath, value=//*[@id="password"]/div[1]/div/div[1]/input}]
Capabilities {acceptInsecureCerts: false, browserName: chrome, browserVersion: 121.0.6167.189, chrome: {chromedriverVersion: 121.0.6167.184 (057a8ae7deb..., userDataDir: C:\Users\gsc91\AppData\Loca...}, fedcm:accounts: true, goog:chromeOptions: {debuggerAddress: localhost:55279}, networkConnectionEnabled: false, pageLoadStrategy: normal, platformName: windows, proxy: Proxy(), se:cdp: ws://localhost:55279/devtoo..., se:cdpVersion: 121.0.6167.189, setWindowRect: true, strictFileInteractability: false, timeouts: {implicit: 0, pageLoad: 300000, script: 30000}, unhandledPromptBehavior: dismiss and notify, webauthn:extension:credBlob: true, webauthn:extension:largeBlob: true, webauthn:extension:minPinLength: true, webauthn:extension:prf: true, webauthn:virtualAuthenticators: true}
Session ID: ce680cc52e69e488c1540d867b15b4f9
at java.base/jdk.internal.reflect.DirectConstructorHandleAccessor.newInstance(DirectConstructorHandleAccessor.java:67)
at java.base/java.lang.reflect.Constructor.newInstanceWithCaller(Constructor.java:500)
at java.base/java.lang.reflect.Constructor.newInstance(Constructor.java:484)
at org.openqa.selenium.remote.codec.w3c.W3CHttpResponseCodec.createException(W3CHttpResponseCodec.java:200)
at org.openqa.selenium.remote.codec.w3c.W3CHttpResponseCodec.decode(W3CHttpResponseCodec.java:133)
at org.openqa.selenium.remote.codec.w3c.W3CHttpResponseCodec.decode(W3CHttpResponseCodec.java:52)
at org.openqa.selenium.remote.HttpCommandExecutor.execute(HttpCommandExecutor.java:191)
at org.openqa.selenium.remote.service.DriverCommandExecutor.invokeExecute(DriverCommandExecutor.java:200)
at org.openqa.selenium.remote.service.DriverCommandExecutor.execute(DriverCommandExecutor.java:175)
at org.openqa.selenium.remote.RemoteWebDriver.execute(RemoteWebDriver.java:607)
at org.openqa.selenium.remote.ElementLocation$ElementFinder$2.findElement(ElementLocation.java:165)
at org.openqa.selenium.remote.ElementLocation.findElement(ElementLocation.java:59)
at org.openqa.selenium.remote.RemoteWebDriver.findElement(RemoteWebDriver.java:364)
at org.openqa.selenium.remote.RemoteWebDriver.findElement(RemoteWebDriver.java:358)
at org.testing.Pages.Login.Signin(Login.java:30)
at org.testing.TestScripts.loginwithdifferentScenarios.loginwithdifferent(loginwithdifferentScenarios.java:27)
at java.base/jdk.internal.reflect.DirectMethodHandleAccessor.invoke(DirectMethodHandleAccessor.java:104)
at java.base/java.lang.reflect.Method.invoke(Method.java:578)
at org.testng.internal.invokers.MethodInvocationHelper.invokeMethod(MethodInvocationHelper.java:139)
at org.testng.internal.invokers.TestInvoker.invokeMethod(TestInvoker.java:664)
at org.testng.internal.invokers.TestInvoker.invokeTestMethod(TestInvoker.java:227)
at org.testng.internal.invokers.MethodRunner.runInSequence(MethodRunner.java:50)
at org.testng.internal.invokers.TestInvoker$MethodInvocationAgent.invoke(TestInvoker.java:957)
at org.testng.internal.invokers.TestInvoker.invokeTestMethods(TestInvoker.java:200)
at org.testng.internal.invokers.TestMethodWorker.invokeTestMethods(TestMethodWorker.java:148)
at org.testng.internal.invokers.TestMethodWorker.run(TestMethodWorker.java:128)
at java.base/java.util.ArrayList.forEach(ArrayList.java:1511)
at org.testng.TestRunner.privateRun(TestRunner.java:848)
at org.testng.TestRunner.run(TestRunner.java:621)
at org.testng.SuiteRunner.runTest(SuiteRunner.java:443)
at org.testng.SuiteRunner.runSequentially(SuiteRunner.java:437)
at org.testng.SuiteRunner.privateRun(SuiteRunner.java:397)
at org.testng.SuiteRunner.run(SuiteRunner.java:336)
at org.testng.SuiteRunnerWorker.runSuite(SuiteRunnerWorker.java:52)
at org.testng.SuiteRunnerWorker.run(SuiteRunnerWorker.java:95)
at org.testng.TestNG.runSuitesSequentially(TestNG.java:1280)
at org.testng.TestNG.runSuitesLocally(TestNG.java:1200)
at org.testng.TestNG.runSuites(TestNG.java:1114)
at org.testng.TestNG.run(TestNG.java:1082)
at org.testing.trigger.Runner.main(Runner.java:60)
]]>
            </full-stacktrace>
          </exception> <!-- org.openqa.selenium.NoSuchElementException -->
          <reporter-output>
          </reporter-output>
        </test-method> <!-- loginwithdifferent -->
        <test-method is-config="true" signature="CloseBrowser()[pri:0, instance:org.testing.TestScripts.loginwithdifferentScenarios@36c88a32]" started-at="2024-02-29T16:07:52 IST" name="CloseBrowser" finished-at="2024-02-29T16:07:53 IST" duration-ms="428" status="PASS">
          <reporter-output>
          </reporter-output>
        </test-method> <!-- CloseBrowser -->
      </class> <!-- org.testing.TestScripts.loginwithdifferentScenarios -->
      <class name="org.testing.TestScripts.Assertions">
        <test-method is-config="true" signature="Bmethod()[pri:0, instance:org.testing.TestScripts.Assertions@636be97c]" started-at="2024-02-29T16:19:44 IST" name="Bmethod" finished-at="2024-02-29T16:20:04 IST" duration-ms="19672" status="PASS">
          <reporter-output>
          </reporter-output>
        </test-method> <!-- Bmethod -->
        <test-method signature="test()[pri:0, instance:org.testing.TestScripts.Assertions@636be97c]" started-at="2024-02-29T16:20:04 IST" name="test" finished-at="2024-02-29T16:20:04 IST" duration-ms="48" status="PASS">
          <reporter-output>
          </reporter-output>
        </test-method> <!-- test -->
        <test-method is-config="true" signature="CloseBrowser()[pri:0, instance:org.testing.TestScripts.Assertions@636be97c]" started-at="2024-02-29T16:20:04 IST" name="CloseBrowser" finished-at="2024-02-29T16:20:04 IST" duration-ms="584" status="PASS">
          <reporter-output>
          </reporter-output>
        </test-method> <!-- CloseBrowser -->
      </class> <!-- org.testing.TestScripts.Assertions -->
      <class name="org.testing.TestScripts.Homebutton">
        <test-method is-config="true" signature="Bmethod()[pri:0, instance:org.testing.TestScripts.Homebutton@3f197a46]" started-at="2024-02-29T16:18:32 IST" name="Bmethod" finished-at="2024-02-29T16:18:50 IST" duration-ms="17620" status="PASS">
          <reporter-output>
          </reporter-output>
        </test-method> <!-- Bmethod -->
        <test-method signature="clickonHomebutton()[pri:0, instance:org.testing.TestScripts.Homebutton@3f197a46]" started-at="2024-02-29T16:18:50 IST" name="clickonHomebutton" finished-at="2024-02-29T16:19:43 IST" duration-ms="53765" status="PASS">
          <reporter-output>
          </reporter-output>
        </test-method> <!-- clickonHomebutton -->
        <test-method is-config="true" signature="CloseBrowser()[pri:0, instance:org.testing.TestScripts.Homebutton@3f197a46]" started-at="2024-02-29T16:19:43 IST" name="CloseBrowser" finished-at="2024-02-29T16:19:44 IST" duration-ms="507" status="PASS">
          <reporter-output>
          </reporter-output>
        </test-method> <!-- CloseBrowser -->
      </class> <!-- org.testing.TestScripts.Homebutton -->
      <class name="org.testing.TestScripts.videoplaylike">
        <test-method is-config="true" signature="Bmethod()[pri:0, instance:org.testing.TestScripts.videoplaylike@5c30a9b0]" started-at="2024-02-29T16:11:52 IST" name="Bmethod" finished-at="2024-02-29T16:12:13 IST" duration-ms="20994" status="PASS">
          <reporter-output>
          </reporter-output>
        </test-method> <!-- Bmethod -->
        <test-method signature="videoplayandliked()[pri:0, instance:org.testing.TestScripts.videoplaylike@5c30a9b0]" started-at="2024-02-29T16:12:13 IST" name="videoplayandliked" finished-at="2024-02-29T16:13:18 IST" duration-ms="65038" status="PASS">
          <reporter-output>
          </reporter-output>
        </test-method> <!-- videoplayandliked -->
        <test-method is-config="true" signature="CloseBrowser()[pri:0, instance:org.testing.TestScripts.videoplaylike@5c30a9b0]" started-at="2024-02-29T16:13:18 IST" name="CloseBrowser" finished-at="2024-02-29T16:13:19 IST" duration-ms="396" status="PASS">
          <reporter-output>
          </reporter-output>
        </test-method> <!-- CloseBrowser -->
      </class> <!-- org.testing.TestScripts.videoplaylike -->
      <class name="org.testing.TestScripts.Subscriptions">
        <test-method is-config="true" signature="Bmethod()[pri:0, instance:org.testing.TestScripts.Subscriptions@635eaaf1]" started-at="2024-02-29T16:10:36 IST" name="Bmethod" finished-at="2024-02-29T16:10:55 IST" duration-ms="19636" status="PASS">
          <reporter-output>
          </reporter-output>
        </test-method> <!-- Bmethod -->
        <test-method signature="ClickonSubcription()[pri:0, instance:org.testing.TestScripts.Subscriptions@635eaaf1]" started-at="2024-02-29T16:10:55 IST" name="ClickonSubcription" finished-at="2024-02-29T16:11:52 IST" duration-ms="56369" status="PASS">
          <reporter-output>
          </reporter-output>
        </test-method> <!-- ClickonSubcription -->
        <test-method is-config="true" signature="CloseBrowser()[pri:0, instance:org.testing.TestScripts.Subscriptions@635eaaf1]" started-at="2024-02-29T16:11:52 IST" name="CloseBrowser" finished-at="2024-02-29T16:11:52 IST" duration-ms="353" status="PASS">
          <reporter-output>
          </reporter-output>
        </test-method> <!-- CloseBrowser -->
      </class> <!-- org.testing.TestScripts.Subscriptions -->
      <class name="org.testing.TestScripts.videoplaySubscribedChan">
        <test-method is-config="true" signature="Bmethod()[pri:0, instance:org.testing.TestScripts.videoplaySubscribedChan@1ddf84b8]" started-at="2024-02-29T16:13:19 IST" name="Bmethod" finished-at="2024-02-29T16:13:35 IST" duration-ms="16417" status="PASS">
          <reporter-output>
          </reporter-output>
        </test-method> <!-- Bmethod -->
        <test-method signature="videoplayChan()[pri:0, instance:org.testing.TestScripts.videoplaySubscribedChan@1ddf84b8]" started-at="2024-02-29T16:13:35 IST" name="videoplayChan" finished-at="2024-02-29T16:14:41 IST" duration-ms="65681" status="PASS">
          <reporter-output>
          </reporter-output>
        </test-method> <!-- videoplayChan -->
        <test-method is-config="true" signature="CloseBrowser()[pri:0, instance:org.testing.TestScripts.videoplaySubscribedChan@1ddf84b8]" started-at="2024-02-29T16:14:41 IST" name="CloseBrowser" finished-at="2024-02-29T16:14:41 IST" duration-ms="549" status="PASS">
          <reporter-output>
          </reporter-output>
        </test-method> <!-- CloseBrowser -->
      </class> <!-- org.testing.TestScripts.videoplaySubscribedChan -->
      <class name="org.testing.TestScripts.History">
        <test-method is-config="true" signature="Bmethod()[pri:0, instance:org.testing.TestScripts.History@31d7b7bf]" started-at="2024-02-29T16:09:17 IST" name="Bmethod" finished-at="2024-02-29T16:09:39 IST" duration-ms="21472" status="PASS">
          <reporter-output>
          </reporter-output>
        </test-method> <!-- Bmethod -->
        <test-method signature="ClickonHistory()[pri:0, instance:org.testing.TestScripts.History@31d7b7bf]" started-at="2024-02-29T16:09:39 IST" name="ClickonHistory" finished-at="2024-02-29T16:10:35 IST" duration-ms="56641" status="PASS">
          <reporter-output>
          </reporter-output>
        </test-method> <!-- ClickonHistory -->
        <test-method is-config="true" signature="CloseBrowser()[pri:0, instance:org.testing.TestScripts.History@31d7b7bf]" started-at="2024-02-29T16:10:35 IST" name="CloseBrowser" finished-at="2024-02-29T16:10:36 IST" duration-ms="422" status="PASS">
          <reporter-output>
          </reporter-output>
        </test-method> <!-- CloseBrowser -->
      </class> <!-- org.testing.TestScripts.History -->
      <class name="org.testing.TestScripts.Youbutton">
        <test-method is-config="true" signature="Bmethod()[pri:0, instance:org.testing.TestScripts.Youbutton@1139b2f3]" started-at="2024-02-29T16:14:41 IST" name="Bmethod" finished-at="2024-02-29T16:15:05 IST" duration-ms="23960" status="PASS">
          <reporter-output>
          </reporter-output>
        </test-method> <!-- Bmethod -->
        <test-method signature="You()[pri:0, instance:org.testing.TestScripts.Youbutton@1139b2f3]" started-at="2024-02-29T16:15:05 IST" name="You" finished-at="2024-02-29T16:15:57 IST" duration-ms="52072" status="PASS">
          <reporter-output>
          </reporter-output>
        </test-method> <!-- You -->
        <test-method is-config="true" signature="CloseBrowser()[pri:0, instance:org.testing.TestScripts.Youbutton@1139b2f3]" started-at="2024-02-29T16:15:57 IST" name="CloseBrowser" finished-at="2024-02-29T16:15:58 IST" duration-ms="433" status="PASS">
          <reporter-output>
          </reporter-output>
        </test-method> <!-- CloseBrowser -->
      </class> <!-- org.testing.TestScripts.Youbutton -->
      <class name="org.testing.TestScripts.Sorts">
        <test-method is-config="true" signature="Bmethod()[pri:0, instance:org.testing.TestScripts.Sorts@7a69b07]" started-at="2024-02-29T16:15:58 IST" name="Bmethod" finished-at="2024-02-29T16:16:17 IST" duration-ms="19284" status="PASS">
          <reporter-output>
          </reporter-output>
        </test-method> <!-- Bmethod -->
        <test-method signature="ClickonSortsbutton()[pri:0, instance:org.testing.TestScripts.Sorts@7a69b07]" started-at="2024-02-29T16:16:17 IST" name="ClickonSortsbutton" finished-at="2024-02-29T16:17:13 IST" duration-ms="56282" status="PASS">
          <reporter-output>
          </reporter-output>
        </test-method> <!-- ClickonSortsbutton -->
        <test-method is-config="true" signature="CloseBrowser()[pri:0, instance:org.testing.TestScripts.Sorts@7a69b07]" started-at="2024-02-29T16:17:13 IST" name="CloseBrowser" finished-at="2024-02-29T16:17:14 IST" duration-ms="386" status="PASS">
          <reporter-output>
          </reporter-output>
        </test-method> <!-- CloseBrowser -->
      </class> <!-- org.testing.TestScripts.Sorts -->
      <class name="org.testing.TestScripts.Trending">
        <test-method is-config="true" signature="Bmethod()[pri:0, instance:org.testing.TestScripts.Trending@30ee2816]" started-at="2024-02-29T16:07:53 IST" name="Bmethod" finished-at="2024-02-29T16:08:18 IST" duration-ms="24839" status="PASS">
          <reporter-output>
          </reporter-output>
        </test-method> <!-- Bmethod -->
        <test-method signature="Clickontrending()[pri:0, instance:org.testing.TestScripts.Trending@30ee2816]" started-at="2024-02-29T16:08:18 IST" name="Clickontrending" finished-at="2024-02-29T16:09:17 IST" duration-ms="59143" status="PASS">
          <reporter-output>
          </reporter-output>
        </test-method> <!-- Clickontrending -->
        <test-method is-config="true" signature="CloseBrowser()[pri:0, instance:org.testing.TestScripts.Trending@30ee2816]" started-at="2024-02-29T16:09:17 IST" name="CloseBrowser" finished-at="2024-02-29T16:09:17 IST" duration-ms="414" status="PASS">
          <reporter-output>
          </reporter-output>
        </test-method> <!-- CloseBrowser -->
      </class> <!-- org.testing.TestScripts.Trending -->
    </test> <!-- Default XmlTest name 422d47b8-1820-4f39-901a-2265f4b8dd18 -->
  </suite> <!-- Suite -->
</testng-results>
